{"contracts/Lottery.sol":{"l":{"15":1,"16":1,"20":0,"21":0,"25":1,"26":1,"30":2,"34":1,"35":1,"36":1,"38":0,"43":1,"47":0,"48":0,"49":0,"50":0},"path":"/mnt/c/Users/Sarap/Desktop/ETH KIPU/Module4/inClass/LotteryOracle/contracts/Lottery.sol","s":{"1":1,"2":0,"3":1,"4":1,"5":1,"6":0,"7":0,"8":0},"b":{"1":[1,0],"2":[0,0],"3":[1,0],"4":[1,0],"5":[0,1],"6":[1,0]},"f":{"1":1,"2":0,"3":1,"4":2,"5":1,"6":1,"7":0},"fnMap":{"1":{"name":"minAmount","line":14,"loc":{"start":{"line":14,"column":4},"end":{"line":17,"column":4}}},"2":{"name":"onlyOracle","line":19,"loc":{"start":{"line":19,"column":4},"end":{"line":22,"column":4}}},"3":{"name":"onlyOwner","line":24,"loc":{"start":{"line":24,"column":4},"end":{"line":27,"column":4}}},"4":{"name":"constructor","line":29,"loc":{"start":{"line":29,"column":4},"end":{"line":31,"column":4}}},"5":{"name":"play","line":33,"loc":{"start":{"line":33,"column":4},"end":{"line":40,"column":4}}},"6":{"name":"setOracle","line":42,"loc":{"start":{"line":42,"column":4},"end":{"line":44,"column":4}}},"7":{"name":"fullfillRandomness","line":46,"loc":{"start":{"line":46,"column":4},"end":{"line":53,"column":4}}}},"statementMap":{"1":{"start":{"line":15,"column":8},"end":{"line":15,"column":52}},"2":{"start":{"line":20,"column":8},"end":{"line":20,"column":54}},"3":{"start":{"line":25,"column":8},"end":{"line":25,"column":53}},"4":{"start":{"line":34,"column":8},"end":{"line":34,"column":36}},"5":{"start":{"line":36,"column":8},"end":{"line":36,"column":838}},"6":{"start":{"line":38,"column":12},"end":{"line":38,"column":22}},"7":{"start":{"line":47,"column":8},"end":{"line":47,"column":31}},"8":{"start":{"line":49,"column":8},"end":{"line":49,"column":46}}},"branchMap":{"1":{"line":15,"type":"if","locations":[{"start":{"line":15,"column":8},"end":{"line":15,"column":8}},{"start":{"line":15,"column":8},"end":{"line":15,"column":8}}]},"2":{"line":20,"type":"if","locations":[{"start":{"line":20,"column":8},"end":{"line":20,"column":8}},{"start":{"line":20,"column":8},"end":{"line":20,"column":8}}]},"3":{"line":25,"type":"if","locations":[{"start":{"line":25,"column":8},"end":{"line":25,"column":8}},{"start":{"line":25,"column":8},"end":{"line":25,"column":8}}]},"4":{"line":33,"type":"if","locations":[{"start":{"line":33,"column":37},"end":{"line":33,"column":37}},{"start":{"line":33,"column":37},"end":{"line":33,"column":37}}]},"5":{"line":36,"type":"if","locations":[{"start":{"line":36,"column":8},"end":{"line":36,"column":8}},{"start":{"line":36,"column":8},"end":{"line":36,"column":8}}]},"6":{"line":42,"type":"if","locations":[{"start":{"line":42,"column":49},"end":{"line":42,"column":49}},{"start":{"line":42,"column":49},"end":{"line":42,"column":49}}]}}}}